<?xml version="1.0" encoding="UTF-8"?>
<testng-results ignored="0" total="6" passed="6" failed="0" skipped="0">
  <reporter-output>
    <line>
      <![CDATA[User1registered]]>
    </line>
    <line>
      <![CDATA[User2registered]]>
    </line>
    <line>
      <![CDATA[User3registered]]>
    </line>
    <line>
      <![CDATA[User4registered]]>
    </line>
    <line>
      <![CDATA[User5registered]]>
    </line>
    <line>
      <![CDATA[User6registered]]>
    </line>
  </reporter-output>
  <suite started-at="2022-09-03T10:08:42 IST" name="Default suite" finished-at="2022-09-03T10:08:43 IST" duration-ms="113">
    <groups>
    </groups>
    <test started-at="2022-09-03T10:08:42 IST" name="Default test" finished-at="2022-09-03T10:08:43 IST" duration-ms="113">
      <class name="Testngpackage.stringDataProvider">
        <test-method signature="registerUser(java.lang.String)[pri:0, instance:Testngpackage.stringDataProvider@5fd4f8f5]" started-at="2022-09-03T10:08:43 IST" name="registerUser" data-provider="getData" finished-at="2022-09-03T10:08:43 IST" duration-ms="14" status="PASS">
          <params>
            <param index="0">
              <value>
                <![CDATA[1]]>
              </value>
            </param>
          </params>
          <reporter-output>
            <line>
              <![CDATA[User1registered]]>
            </line>
          </reporter-output>
        </test-method> <!-- registerUser -->
        <test-method signature="registerUser(java.lang.String)[pri:0, instance:Testngpackage.stringDataProvider@5fd4f8f5]" started-at="2022-09-03T10:08:43 IST" name="registerUser" data-provider="getData" finished-at="2022-09-03T10:08:43 IST" duration-ms="3" status="PASS">
          <params>
            <param index="0">
              <value>
                <![CDATA[2]]>
              </value>
            </param>
          </params>
          <reporter-output>
            <line>
              <![CDATA[User2registered]]>
            </line>
          </reporter-output>
        </test-method> <!-- registerUser -->
        <test-method signature="registerUser(java.lang.String)[pri:0, instance:Testngpackage.stringDataProvider@5fd4f8f5]" started-at="2022-09-03T10:08:43 IST" name="registerUser" data-provider="getData" finished-at="2022-09-03T10:08:43 IST" duration-ms="3" status="PASS">
          <params>
            <param index="0">
              <value>
                <![CDATA[3]]>
              </value>
            </param>
          </params>
          <reporter-output>
            <line>
              <![CDATA[User3registered]]>
            </line>
          </reporter-output>
        </test-method> <!-- registerUser -->
        <test-method signature="registerUser(java.lang.String)[pri:0, instance:Testngpackage.stringDataProvider@5fd4f8f5]" started-at="2022-09-03T10:08:43 IST" name="registerUser" data-provider="getData" finished-at="2022-09-03T10:08:43 IST" duration-ms="3" status="PASS">
          <params>
            <param index="0">
              <value>
                <![CDATA[4]]>
              </value>
            </param>
          </params>
          <reporter-output>
            <line>
              <![CDATA[User4registered]]>
            </line>
          </reporter-output>
        </test-method> <!-- registerUser -->
        <test-method signature="registerUser(java.lang.String)[pri:0, instance:Testngpackage.stringDataProvider@5fd4f8f5]" started-at="2022-09-03T10:08:43 IST" name="registerUser" data-provider="getData" finished-at="2022-09-03T10:08:43 IST" duration-ms="2" status="PASS">
          <params>
            <param index="0">
              <value>
                <![CDATA[5]]>
              </value>
            </param>
          </params>
          <reporter-output>
            <line>
              <![CDATA[User5registered]]>
            </line>
          </reporter-output>
        </test-method> <!-- registerUser -->
        <test-method signature="registerUser(java.lang.String)[pri:0, instance:Testngpackage.stringDataProvider@5fd4f8f5]" started-at="2022-09-03T10:08:43 IST" name="registerUser" data-provider="getData" finished-at="2022-09-03T10:08:43 IST" duration-ms="1" status="PASS">
          <params>
            <param index="0">
              <value>
                <![CDATA[6]]>
              </value>
            </param>
          </params>
          <reporter-output>
            <line>
              <![CDATA[User6registered]]>
            </line>
          </reporter-output>
        </test-method> <!-- registerUser -->
      </class> <!-- Testngpackage.stringDataProvider -->
    </test> <!-- Default test -->
  </suite> <!-- Default suite -->
</testng-results>
