<?xml version="1.0" encoding="UTF-8"?>
<!-- Generated by org.testng.reporters.JUnitXMLReporter -->
<testsuite ignored="0" hostname="DESKTOP-9IHVQDP" failures="1" tests="1" name="Default test(failed)" time="0.237" errors="0" timestamp="2022-08-20T11:03:00 IST">
  <testcase classname="Testngpackage.Assertpg" name="f" time="0.05">
    <failure type="java.lang.AssertionError" message="expected [ab] but found [abc]">
      <![CDATA[java.lang.AssertionError: expected [ab] but found [abc]
at Testngpackage.Assertpg.f(Assertpg.java:17)
at java.base/java.util.ArrayList.forEach(ArrayList.java:1511)
... Removed 33 stack frames]]>
    </failure>
  </testcase> <!-- f -->
</testsuite> <!-- Default test(failed) -->
