<?xml version="1.0" encoding="UTF-8"?>
<!-- Generated by org.testng.reporters.JUnitXMLReporter -->
<testsuite ignored="0" hostname="DESKTOP-9IHVQDP" failures="0" tests="6" name="Default test" time="0.113" errors="0" timestamp="2022-09-03T10:08:43 IST">
  <testcase classname="Testngpackage.stringDataProvider" name="registerUser" time="0.014"/>
  <testcase classname="Testngpackage.stringDataProvider" name="registerUser" time="0.003"/>
  <testcase classname="Testngpackage.stringDataProvider" name="registerUser" time="0.003"/>
  <testcase classname="Testngpackage.stringDataProvider" name="registerUser" time="0.003"/>
  <testcase classname="Testngpackage.stringDataProvider" name="registerUser" time="0.002"/>
  <testcase classname="Testngpackage.stringDataProvider" name="registerUser" time="0.001"/>
</testsuite> <!-- Default test -->
